---------------------------------------------------------------
[ 2018-10-12T10:05:47+08:00 ] 0.0.0.0 POST /blog_all/public/admin/login.html
[ info ] localhost/blog_all/public/admin/login.html [运行时间：0.106401s][吞吐率：9.40req/s] [内存消耗：339.49kb] [文件加载：55]
[ info ] [ LANG ] D:\wamp\www\blog_all\thinkphp\lang\zh-cn.php
[ info ] [ ROUTE ] array (
  'type' => 'module',
  'module' => 
  array (
    0 => 'admin',
    1 => 'Login',
    2 => 'Index',
  ),
  'convert' => false,
)
[ info ] [ HEADER ] array (
  'host' => 'localhost',
  'connection' => 'keep-alive',
  'content-length' => '91',
  'cache-control' => 'max-age=0',
  'upgrade-insecure-requests' => '1',
  'user-agent' => 'Mozilla/5.0 (Windows NT 10.0; Win64; x64) AppleWebKit/537.36 (KHTML, like Gecko) Chrome/69.0.3497.100 Safari/537.36',
  'origin' => 'http://localhost',
  'content-type' => 'application/x-www-form-urlencoded',
  'accept' => 'text/html,application/xhtml+xml,application/xml;q=0.9,image/webp,image/apng,*/*;q=0.8',
  'referer' => 'http://localhost/blog_all/public/admin/login',
  'accept-encoding' => 'gzip, deflate, br',
  'accept-language' => 'zh-CN,zh;q=0.9',
  'cookie' => 'thinkphp_show_page_trace=0|0; thinkphp_show_page_trace=0|0; PHPSESSID=m5m16ap3g8u1ct0ufvdcu09oab; Hm_lvt_080836300300be57b7f34f4b3e97d911=1539247744,1539251087; Hm_lpvt_080836300300be57b7f34f4b3e97d911=1539251087',
)
[ info ] [ PARAM ] array (
  '__token__' => '496455c5cb18147719749a7a3e6fac48',
  'username' => 'baiminghao',
  'password' => '123456',
  'captcha' => 'x6er',
)
[ info ] [ RUN ] app\admin\controller\Login->Index[ D:\wamp\www\blog_all\application\admin\controller\Login.php ]
[ info ] [ SESSION ] INIT array (
  'id' => '',
  'var_session_id' => '',
  'prefix' => 'think',
  'type' => '',
  'auto_start' => true,
)
[ info ] [ VIEW ] D:\wamp\www\blog_all\thinkphp\tpl\dispatch_jump.tpl [ array (
  0 => 'code',
  1 => 'msg',
  2 => 'data',
  3 => 'url',
  4 => 'wait',
) ]
[ info ] [ LOG ] INIT File
---------------------------------------------------------------
[ 2018-10-12T10:05:49+08:00 ] 0.0.0.0 GET /blog_all/public/admin/login/login.html
[ info ] localhost/blog_all/public/admin/login/login.html [运行时间：0.026020s][吞吐率：38.43req/s] [内存消耗：323.15kb] [文件加载：50]
[ info ] [ LANG ] D:\wamp\www\blog_all\thinkphp\lang\zh-cn.php
[ info ] [ ROUTE ] array (
  'type' => 'module',
  'module' => 
  array (
    0 => 'admin',
    1 => 'Login',
    2 => 'Index',
  ),
  'convert' => false,
)
[ info ] [ HEADER ] array (
  'host' => 'localhost',
  'connection' => 'keep-alive',
  'upgrade-insecure-requests' => '1',
  'user-agent' => 'Mozilla/5.0 (Windows NT 10.0; Win64; x64) AppleWebKit/537.36 (KHTML, like Gecko) Chrome/69.0.3497.100 Safari/537.36',
  'accept' => 'text/html,application/xhtml+xml,application/xml;q=0.9,image/webp,image/apng,*/*;q=0.8',
  'referer' => 'http://localhost/blog_all/public/admin/login.html',
  'accept-encoding' => 'gzip, deflate, br',
  'accept-language' => 'zh-CN,zh;q=0.9',
  'cookie' => 'thinkphp_show_page_trace=0|0; thinkphp_show_page_trace=0|0; PHPSESSID=m5m16ap3g8u1ct0ufvdcu09oab; Hm_lvt_080836300300be57b7f34f4b3e97d911=1539247744,1539251087; Hm_lpvt_080836300300be57b7f34f4b3e97d911=1539251087',
)
[ info ] [ PARAM ] array (
)
[ info ] [ RUN ] app\admin\controller\Login->Index[ D:\wamp\www\blog_all\application\admin\controller\Login.php ]
[ info ] [ VIEW ] D:\wamp\www\blog_all\public/../application/admin\view\login\login.html [ array (
) ]
[ info ] [ SESSION ] INIT array (
  'id' => '',
  'var_session_id' => '',
  'prefix' => 'think',
  'type' => '',
  'auto_start' => true,
)
[ info ] [ LOG ] INIT File
---------------------------------------------------------------
[ 2018-10-12T10:05:49+08:00 ] 0.0.0.0 GET /blog_all/public/captcha.html
[ info ] localhost/blog_all/public/captcha.html [运行时间：0.020089s][吞吐率：49.78req/s] [内存消耗：303.78kb] [文件加载：46]
[ info ] [ LANG ] D:\wamp\www\blog_all\thinkphp\lang\zh-cn.php
[ info ] [ ROUTE ] array (
  'type' => 'module',
  'module' => 
  array (
    0 => 'admin',
    1 => 'Login',
    2 => 'captcha',
  ),
  'convert' => false,
)
[ info ] [ HEADER ] array (
  'host' => 'localhost',
  'connection' => 'keep-alive',
  'user-agent' => 'Mozilla/5.0 (Windows NT 10.0; Win64; x64) AppleWebKit/537.36 (KHTML, like Gecko) Chrome/69.0.3497.100 Safari/537.36',
  'accept' => 'image/webp,image/apng,image/*,*/*;q=0.8',
  'referer' => 'http://localhost/blog_all/public/admin/login/login.html',
  'accept-encoding' => 'gzip, deflate, br',
  'accept-language' => 'zh-CN,zh;q=0.9',
  'cookie' => 'thinkphp_show_page_trace=0|0; PHPSESSID=m5m16ap3g8u1ct0ufvdcu09oab; Hm_lvt_080836300300be57b7f34f4b3e97d911=1539247744,1539251087; Hm_lpvt_080836300300be57b7f34f4b3e97d911=1539251087',
)
[ info ] [ PARAM ] array (
)
[ info ] [ RUN ] app\admin\controller\Login->captcha[ D:\wamp\www\blog_all\application\admin\controller\Login.php ]
[ info ] [ SESSION ] INIT array (
  'id' => '',
  'var_session_id' => '',
  'prefix' => 'think',
  'type' => '',
  'auto_start' => true,
)
[ info ] [ LOG ] INIT File
